#
# A fatal error has been detected by the Java Runtime Environment:
#
#  EXCEPTION_ACCESS_VIOLATION (0xc0000005) at pc=0xffffffffa3805120, pid=9172, tid=0x0000000000000408
#
# JRE version: Java(TM) SE Runtime Environment (8.0_111-b14) (build 1.8.0_111-b14)
# Java VM: Java HotSpot(TM) 64-Bit Server VM (25.111-b14 mixed mode windows-amd64 compressed oops)
# Problematic frame:
# C  0xffffffffa3805120
#
# Failed to write core dump. Minidumps are not enabled by default on client versions of Windows
#
# If you would like to submit a bug report, please visit:
#   http://bugreport.java.com/bugreport/crash.jsp
#

---------------  T H R E A D  ---------------

Current thread (0x0000000016602000):  JavaThread "AWT-EventQueue-0" [_thread_in_Java, id=1032, stack(0x00000000179f0000,0x0000000017af0000)]

siginfo: ExceptionCode=0xc0000005, ExceptionInformation=0x0000000000000008 0xffffffffa3805120

Registers:
RAX=0x000000001469a4f0, RBX=0x000000001469a4f0, RCX=0x00000000eaf835c0, RDX=0x00000000eaf835c0
RSP=0x0000000017aeb968, RBP=0x0000000017aeb9d0, RSI=0x0000000000000394, RDI=0x0000000000000108
R8 =0x0000000000001aec, R9 =0x00000000165a4e10, R10=0x000000006abdc0c0, R11=0x00000000029adf40
R12=0x0000000000000000, R13=0x0000000017aeb980, R14=0x0000000014c8be40, R15=0x0000000016602000
RIP=0xffffffffa3805120, EFLAGS=0x0000000000010202

Top of Stack: (sp=0x0000000017aeb968)
0x0000000017aeb968:   00000000028077a0 0000000017aeb9d0
0x0000000017aeb978:   00000000028077a0 0000000000001aec
0x0000000017aeb988:   00000000eaf835c0 0000000017aeb990
0x0000000017aeb998:   000000001469df42 0000000017aeb9e8
0x0000000017aeb9a8:   00000000146a2b08 0000000014c8be40
0x0000000017aeb9b8:   000000001469df58 0000000017aeb980
0x0000000017aeb9c8:   0000000017aeb9e0 0000000017aeba30
0x0000000017aeb9d8:   0000000002807940 0000000000001aec
0x0000000017aeb9e8:   00000000eaf835c0 0000000017aeb9f0
0x0000000017aeb9f8:   0000000014c8aea4 0000000017aeba40
0x0000000017aeba08:   0000000014c8b7a8 0000000014c8c168
0x0000000017aeba18:   0000000014c8aeb0 0000000017aeb9e0
0x0000000017aeba28:   0000000017aeba40 0000000017aeba98
0x0000000017aeba38:   0000000002807940 00000000eaf85d98
0x0000000017aeba48:   0000000000000117 00000000eaf86310
0x0000000017aeba58:   0000000017aeba58 0000000014c89ee3 

Instructions: (pc=0xffffffffa3805120)
0xffffffffa3805100:   
[error occurred during error reporting (printing registers, top of stack, instructions near pc), id 0xc0000005]

Register to memory mapping:

RAX={method} {0x000000001469a4f8} '_get' '(I)B' in 'java/nio/HeapByteBuffer'
RBX={method} {0x000000001469a4f8} '_get' '(I)B' in 'java/nio/HeapByteBuffer'
RCX=0x00000000eaf835c0 is an oop
java.nio.HeapByteBuffer 
 - klass: 'java/nio/HeapByteBuffer'
RDX=0x00000000eaf835c0 is an oop
java.nio.HeapByteBuffer 
 - klass: 'java/nio/HeapByteBuffer'
RSP=0x0000000017aeb968 is pointing into the stack for thread: 0x0000000016602000
RBP=0x0000000017aeb9d0 is pointing into the stack for thread: 0x0000000016602000
RSI=0x0000000000000394 is an unknown value
RDI=0x0000000000000108 is an unknown value
R8 =0x0000000000001aec is an unknown value
R9 =0x00000000165a4e10 is an unknown value
R10=0x000000006abdc0c0 is an unknown value
R11=0x00000000029adf40 is at entry_point+32 in (nmethod*)0x00000000029addd0
R12=0x0000000000000000 is an unknown value
R13=0x0000000017aeb980 is pointing into the stack for thread: 0x0000000016602000
R14=0x0000000014c8be40 is pointing into metadata
R15=0x0000000016602000 is a thread


Stack: [0x00000000179f0000,0x0000000017af0000],  sp=0x0000000017aeb968,  free space=1006k
Native frames: (J=compiled Java code, j=interpreted, Vv=VM code, C=native code)
C  0xffffffffa3805120


---------------  P R O C E S S  ---------------

Java Threads: ( => current thread )
  0x0000000016e99000 JavaThread "D3D Screen Updater" daemon [_thread_blocked, id=9396, stack(0x0000000019770000,0x0000000019870000)]
  0x0000000002701000 JavaThread "DestroyJavaVM" [_thread_blocked, id=9632, stack(0x0000000002600000,0x0000000002700000)]
=>0x0000000016602000 JavaThread "AWT-EventQueue-0" [_thread_in_Java, id=1032, stack(0x00000000179f0000,0x0000000017af0000)]
  0x0000000016601000 JavaThread "AWT-Windows" daemon [_thread_in_native, id=6772, stack(0x0000000017800000,0x0000000017900000)]
  0x00000000165fc000 JavaThread "AWT-Shutdown" [_thread_blocked, id=8832, stack(0x0000000017700000,0x0000000017800000)]
  0x00000000165fb800 JavaThread "Java2D Disposer" daemon [_thread_blocked, id=7844, stack(0x0000000017600000,0x0000000017700000)]
  0x00000000162b4800 JavaThread "Service Thread" daemon [_thread_blocked, id=5076, stack(0x0000000016b30000,0x0000000016c30000)]
  0x0000000014f2e000 JavaThread "C1 CompilerThread2" daemon [_thread_blocked, id=10928, stack(0x0000000016a30000,0x0000000016b30000)]
  0x0000000014f2b000 JavaThread "C2 CompilerThread1" daemon [_thread_blocked, id=8876, stack(0x0000000016930000,0x0000000016a30000)]
  0x0000000014f29000 JavaThread "C2 CompilerThread0" daemon [_thread_blocked, id=11072, stack(0x0000000016830000,0x0000000016930000)]
  0x0000000016238800 JavaThread "Attach Listener" daemon [_thread_blocked, id=8060, stack(0x0000000016730000,0x0000000016830000)]
  0x0000000014edd000 JavaThread "Signal Dispatcher" daemon [_thread_blocked, id=8672, stack(0x0000000016630000,0x0000000016730000)]
  0x0000000014eb9800 JavaThread "Finalizer" daemon [_thread_blocked, id=2796, stack(0x0000000016130000,0x0000000016230000)]
  0x00000000027f0000 JavaThread "Reference Handler" daemon [_thread_blocked, id=9780, stack(0x0000000016030000,0x0000000016130000)]

Other Threads:
  0x0000000014e97800 VMThread [stack: 0x0000000015f30000,0x0000000016030000] [id=10620]
  0x00000000162fe800 WatcherThread [stack: 0x0000000016c30000,0x0000000016d30000] [id=6960]

VM state:not at safepoint (normal execution)

VM Mutex/Monitor currently owned by a thread: None

Heap:
 PSYoungGen      total 18944K, used 4934K [0x00000000eab00000, 0x00000000ec000000, 0x0000000100000000)
  eden space 16384K, 30% used [0x00000000eab00000,0x00000000eafd1858,0x00000000ebb00000)
  from space 2560K, 0% used [0x00000000ebd80000,0x00000000ebd80000,0x00000000ec000000)
  to   space 2560K, 0% used [0x00000000ebb00000,0x00000000ebb00000,0x00000000ebd80000)
 ParOldGen       total 44032K, used 0K [0x00000000c0000000, 0x00000000c2b00000, 0x00000000eab00000)
  object space 44032K, 0% used [0x00000000c0000000,0x00000000c0000000,0x00000000c2b00000)
 Metaspace       used 8513K, capacity 8686K, committed 8832K, reserved 1056768K
  class space    used 1027K, capacity 1125K, committed 1152K, reserved 1048576K

Card table byte_map: [0x0000000011bc0000,0x0000000011dd0000] byte_map_base: 0x00000000115c0000

Marking Bits: (ParMarkBitMap*) 0x000000006abfa6c0
 Begin Bits: [0x0000000012330000, 0x0000000013330000)
 End Bits:   [0x0000000013330000, 0x0000000014330000)

Polling page: 0x0000000000920000

CodeCache: size=245760Kb used=1736Kb max_used=1736Kb free=244023Kb
 bounds [0x0000000002800000, 0x0000000002a70000, 0x0000000011800000]
 total_blobs=749 nmethods=314 adapters=350
 compilation: enabled

Compilation events (10 events):
Event: 0.551 Thread 0x0000000014f2e000 nmethod 305 0x00000000029aefd0 code [0x00000000029af140, 0x00000000029af498]
Event: 0.551 Thread 0x0000000014f2e000  306       3       java.nio.Bits::makeShort (12 bytes)
Event: 0.551 Thread 0x0000000014f2e000 nmethod 306 0x00000000029af590 code [0x00000000029af6e0, 0x00000000029af830]
Event: 0.551 Thread 0x0000000014f2e000  308       3       java.nio.ByteBufferAsShortBufferB::ix (9 bytes)
Event: 0.551 Thread 0x0000000014f2e000 nmethod 308 0x00000000029af890 code [0x00000000029af9e0, 0x00000000029afb30]
Event: 0.555 Thread 0x0000000014f2e000  309       1       java.nio.Buffer::limit (5 bytes)
Event: 0.555 Thread 0x0000000014f2e000 nmethod 309 0x00000000029b0790 code [0x00000000029b08e0, 0x00000000029b09f0]
Event: 0.557 Thread 0x0000000014f2e000  310       1       java.nio.HeapByteBuffer::_get (7 bytes)
Event: 0.557 Thread 0x0000000014f2e000 nmethod 310 0x00000000029b0a50 code [0x00000000029b0ba0, 0x00000000029b0cd0]
Event: 0.557 Thread 0x0000000014f2e000  311       3       java.nio.Bits::getCharB (16 bytes)

GC Heap History (0 events):
No events

Deoptimization events (1 events):
Event: 0.372 Thread 0x0000000016602000 Uncommon trap: reason=null_check action=make_not_entrant pc=0x00000000029715f8 method=java.lang.String.equals(Ljava/lang/Object;)Z @ 8

Internal exceptions (10 events):
Event: 0.177 Thread 0x0000000002701000 Exception <a 'java/security/PrivilegedActionException'> (0x00000000eabd3140) thrown at [C:\re\workspace\8-2-build-windows-amd64-cygwin\jdk8u111\7883\hotspot\src\share\vm\prims\jvm.cpp, line 1386]
Event: 0.178 Thread 0x0000000002701000 Exception <a 'java/security/PrivilegedActionException'> (0x00000000eabd7028) thrown at [C:\re\workspace\8-2-build-windows-amd64-cygwin\jdk8u111\7883\hotspot\src\share\vm\prims\jvm.cpp, line 1386]
Event: 0.178 Thread 0x0000000002701000 Exception <a 'java/security/PrivilegedActionException'> (0x00000000eabd7238) thrown at [C:\re\workspace\8-2-build-windows-amd64-cygwin\jdk8u111\7883\hotspot\src\share\vm\prims\jvm.cpp, line 1386]
Event: 0.185 Thread 0x0000000002701000 Exception <a 'java/io/FileNotFoundException'> (0x00000000eabda3d8) thrown at [C:\re\workspace\8-2-build-windows-amd64-cygwin\jdk8u111\7883\hotspot\src\share\vm\prims\jni.cpp, line 709]
Event: 0.235 Thread 0x0000000002701000 Exception <a 'java/lang/NoSuchFieldError': method resolution failed> (0x00000000eacfa4a0) thrown at [C:\re\workspace\8-2-build-windows-amd64-cygwin\jdk8u111\7883\hotspot\src\share\vm\prims\methodHandles.cpp, line 1146]
Event: 0.238 Thread 0x0000000002701000 Exception <a 'java/lang/NoSuchFieldError': method resolution failed> (0x00000000ead07870) thrown at [C:\re\workspace\8-2-build-windows-amd64-cygwin\jdk8u111\7883\hotspot\src\share\vm\prims\methodHandles.cpp, line 1146]
Event: 0.312 Thread 0x0000000016602000 Exception <a 'java/io/FileNotFoundException'> (0x00000000eae41070) thrown at [C:\re\workspace\8-2-build-windows-amd64-cygwin\jdk8u111\7883\hotspot\src\share\vm\prims\jni.cpp, line 709]
Event: 0.372 Thread 0x0000000016602000 Implicit null exception at 0x0000000002971422 to 0x00000000029715e9
Event: 0.449 Thread 0x0000000016602000 Exception <a 'java/io/FileNotFoundException'> (0x00000000eaf4d238) thrown at [C:\re\workspace\8-2-build-windows-amd64-cygwin\jdk8u111\7883\hotspot\src\share\vm\prims\jni.cpp, line 709]
Event: 0.449 Thread 0x0000000016602000 Exception <a 'java/lang/NullPointerException'> (0x00000000eaf4d8e0) thrown at [C:\re\workspace\8-2-build-windows-amd64-cygwin\jdk8u111\7883\hotspot\src\share\vm\interpreter\linkResolver.cpp, line 1178]

Events (10 events):
Event: 0.555 loading class sun/font/TrueTypeGlyphMapper
Event: 0.555 loading class sun/font/TrueTypeGlyphMapper done
Event: 0.555 loading class sun/font/CMap
Event: 0.555 loading class sun/font/CMap done
Event: 0.556 loading class sun/font/CMap$NullCMapClass
Event: 0.556 loading class sun/font/CMap$NullCMapClass done
Event: 0.556 loading class sun/font/CMap$CMapFormat4
Event: 0.556 loading class sun/font/CMap$CMapFormat4 done
Event: 0.556 loading class java/nio/ByteBufferAsCharBufferB
Event: 0.556 loading class java/nio/ByteBufferAsCharBufferB done


Dynamic libraries:
0x00007ff6ced30000 - 0x00007ff6ced67000 	C:\Program Files\Java\jdk1.8.0_111\bin\javaw.exe
0x00007ffbf1050000 - 0x00007ffbf1221000 	C:\Windows\SYSTEM32\ntdll.dll
0x00007ffbee8d0000 - 0x00007ffbee97b000 	C:\Windows\System32\KERNEL32.DLL
0x00007ffbede40000 - 0x00007ffbee05d000 	C:\Windows\System32\KERNELBASE.dll
0x00007ffbf0670000 - 0x00007ffbf0712000 	C:\Windows\System32\ADVAPI32.dll
0x00007ffbef060000 - 0x00007ffbef0fe000 	C:\Windows\System32\msvcrt.dll
0x00007ffbf0610000 - 0x00007ffbf0669000 	C:\Windows\System32\sechost.dll
0x00007ffbee740000 - 0x00007ffbee861000 	C:\Windows\System32\RPCRT4.dll
0x00007ffbf0ce0000 - 0x00007ffbf0e45000 	C:\Windows\System32\USER32.dll
0x00007ffbee2e0000 - 0x00007ffbee2fe000 	C:\Windows\System32\win32u.dll
0x00007ffbf0b00000 - 0x00007ffbf0b34000 	C:\Windows\System32\GDI32.dll
0x00007ffbee300000 - 0x00007ffbee482000 	C:\Windows\System32\gdi32full.dll
0x00007ffbe9360000 - 0x00007ffbe95d9000 	C:\Windows\WinSxS\amd64_microsoft.windows.common-controls_6595b64144ccf1df_6.0.14393.447_none_42191651c6827bb3\COMCTL32.dll
0x00007ffbf0830000 - 0x00007ffbf0af8000 	C:\Windows\System32\combase.dll
0x00007ffbed540000 - 0x00007ffbed635000 	C:\Windows\System32\ucrtbase.dll
0x00007ffbeddd0000 - 0x00007ffbede3a000 	C:\Windows\System32\bcryptPrimitives.dll
0x00007ffbf0780000 - 0x00007ffbf07ae000 	C:\Windows\System32\IMM32.DLL
0x000000006b910000 - 0x000000006b9e2000 	C:\Program Files\Java\jdk1.8.0_111\jre\bin\msvcr100.dll
0x000000006a3e0000 - 0x000000006ac7a000 	C:\Program Files\Java\jdk1.8.0_111\jre\bin\server\jvm.dll
0x00007ffbf0820000 - 0x00007ffbf0828000 	C:\Windows\System32\PSAPI.DLL
0x00007ffbeb830000 - 0x00007ffbeb853000 	C:\Windows\SYSTEM32\WINMM.dll
0x00007ffbe9ee0000 - 0x00007ffbe9eea000 	C:\Windows\SYSTEM32\VERSION.dll
0x00007ffbeb6a0000 - 0x00007ffbeb6cb000 	C:\Windows\SYSTEM32\WINMMBASE.dll
0x00007ffbee590000 - 0x00007ffbee5d2000 	C:\Windows\System32\cfgmgr32.dll
0x00007ffbe4ed0000 - 0x00007ffbe4ed9000 	C:\Windows\SYSTEM32\WSOCK32.dll
0x00007ffbeef90000 - 0x00007ffbeeffa000 	C:\Windows\System32\WS2_32.dll
0x000000006bc40000 - 0x000000006bc4f000 	C:\Program Files\Java\jdk1.8.0_111\jre\bin\verify.dll
0x000000006b8e0000 - 0x000000006b909000 	C:\Program Files\Java\jdk1.8.0_111\jre\bin\java.dll
0x000000006b8c0000 - 0x000000006b8d6000 	C:\Program Files\Java\jdk1.8.0_111\jre\bin\zip.dll
0x00007ffbef100000 - 0x00007ffbf0609000 	C:\Windows\System32\SHELL32.dll
0x00007ffbed6f0000 - 0x00007ffbeddca000 	C:\Windows\System32\windows.storage.dll
0x00007ffbed4b0000 - 0x00007ffbed4fc000 	C:\Windows\System32\powrprof.dll
0x00007ffbee870000 - 0x00007ffbee8c2000 	C:\Windows\System32\shlwapi.dll
0x00007ffbed530000 - 0x00007ffbed53f000 	C:\Windows\System32\kernel.appcore.dll
0x00007ffbee230000 - 0x00007ffbee2d9000 	C:\Windows\System32\shcore.dll
0x00007ffbed510000 - 0x00007ffbed524000 	C:\Windows\System32\profapi.dll
0x000000006b6b0000 - 0x000000006b848000 	C:\Program Files\Java\jdk1.8.0_111\jre\bin\awt.dll
0x00007ffbf0f90000 - 0x00007ffbf104f000 	C:\Windows\System32\OLEAUT32.dll
0x00007ffbee4f0000 - 0x00007ffbee58c000 	C:\Windows\System32\msvcp_win.dll
0x00007ffbeba60000 - 0x00007ffbebada000 	C:\Windows\SYSTEM32\apphelp.dll
0x00007ffbebc40000 - 0x00007ffbebcd5000 	C:\Windows\system32\uxtheme.dll
0x00007ffbee5e0000 - 0x00007ffbee73b000 	C:\Windows\System32\MSCTF.dll
0x00007ffbeb0b0000 - 0x00007ffbeb0d6000 	C:\Windows\system32\dwmapi.dll
0x00007ffbee980000 - 0x00007ffbeeab7000 	C:\Windows\System32\ole32.dll
0x00007ffbe3030000 - 0x00007ffbe31bd000 	C:\Windows\system32\d3d9.dll
0x00007ffbc1250000 - 0x00007ffbc2306000 	C:\Windows\SYSTEM32\nvd3dumx.dll
0x00007ffbe91d0000 - 0x00007ffbe933c000 	C:\Program Files (x86)\NVIDIA Corporation\3D Vision\nvSCPAPI64.dll
0x00007ffbeeac0000 - 0x00007ffbeeee9000 	C:\Windows\System32\SETUPAPI.dll
0x000000006afb0000 - 0x000000006aff7000 	C:\Program Files\Java\jdk1.8.0_111\jre\bin\fontmanager.dll
0x000000006b8a0000 - 0x000000006b8ba000 	C:\Program Files\Java\jdk1.8.0_111\jre\bin\net.dll
0x00007ffbecd80000 - 0x00007ffbecddc000 	C:\Windows\system32\mswsock.dll
0x000000006b880000 - 0x000000006b891000 	C:\Program Files\Java\jdk1.8.0_111\jre\bin\nio.dll
0x000000006af60000 - 0x000000006afa2000 	C:\Program Files\Java\jdk1.8.0_111\jre\bin\t2k.dll
0x00007ffbe3240000 - 0x00007ffbe33d2000 	C:\Windows\SYSTEM32\dbghelp.dll

VM Arguments:
jvm_args: -Dfile.encoding=UTF-8 
java_command: javabible_project.Main
java_class_path (initial): D:\workspace_java\donghuns\bin;D:\erp_myframework.jar
Launcher Type: SUN_STANDARD

Environment Variables:
JAVA_HOME=C:\Program Files\Java\jdk1.8.0_111
PATH=C:/Program Files/Java/jdk1.8.0_111/bin/../jre/bin/server;C:/Program Files/Java/jdk1.8.0_111/bin/../jre/bin;C:/Program Files/Java/jdk1.8.0_111/bin/../jre/lib/amd64;C:\Program Files\Java\jdk1.8.0_111\bin;C:\ProgramData\Oracle\Java\javapath;C:\Program Files (x86)\NVIDIA Corporation\PhysX\Common;C:\Windows\system32;C:\Windows;C:\Windows\System32\Wbem;C:\Windows\System32\WindowsPowerShell\v1.0\;C:\Program Files\MySQL\MySQL Server 5.6\bin;C:\Program Files\Git\cmd;%GRADLE_HOME%\bin;C:\Users\SDH\AppData\Local\Microsoft\WindowsApps;C:\Program Files\Bandizip\7z;D:\program\eclipse_java\eclipse;
USERNAME=SDH
OS=Windows_NT
PROCESSOR_IDENTIFIER=Intel64 Family 6 Model 23 Stepping 10, GenuineIntel



---------------  S Y S T E M  ---------------

OS: Windows 10.0 , 64 bit Build 14393 (10.0.14393.0)

CPU:total 4 (4 cores per cpu, 1 threads per core) family 6 model 23 stepping 10, cmov, cx8, fxsr, mmx, sse, sse2, sse3, ssse3, sse4.1, tsc

Memory: 4k page, physical 4192492k(1414360k free), swap 6814388k(1286556k free)

vm_info: Java HotSpot(TM) 64-Bit Server VM (25.111-b14) for windows-amd64 JRE (1.8.0_111-b14), built on Sep 22 2016 19:24:05 by "java_re" with MS VC++ 10.0 (VS2010)

time: Wed Mar 08 20:04:45 2017
elapsed time: 0 seconds (0d 0h 0m 0s)

